{
  "stats": {
    "suites": 1,
    "tests": 1,
    "passes": 1,
    "pending": 0,
    "failures": 0,
    "start": "2022-12-18T18:03:15.819Z",
    "end": "2022-12-18T18:03:18.189Z",
    "duration": 2370,
    "testsRegistered": 1,
    "passPercent": 100,
    "pendingPercent": 0,
    "other": 0,
    "hasOther": false,
    "skipped": 0,
    "hasSkipped": false
  },
  "results": [
    {
      "uuid": "c5ee580a-6600-4d80-b66c-6024aafcf80e",
      "title": "",
      "fullFile": "cypress/e2e/superfluid.cy.js",
      "file": "cypress/e2e/superfluid.cy.js",
      "beforeHooks": [],
      "afterHooks": [],
      "tests": [],
      "suites": [
        {
          "uuid": "dfd1e707-2e00-4584-baf3-49eb14216998",
          "title": "Connecting and switching network",
          "fullFile": "",
          "file": "",
          "beforeHooks": [],
          "afterHooks": [],
          "tests": [
            {
              "title": "Connecting with a Mock wallet and switching the network",
              "fullTitle": "Connecting and switching network Connecting with a Mock wallet and switching the network",
              "timedOut": null,
              "duration": 2287,
              "state": "passed",
              "speed": "fast",
              "pass": true,
              "fail": false,
              "pending": false,
              "context": null,
              "code": "_BasePage.BasePage.visitWithMockedWallet(\"/\");\n_LoginPage.LoginPage.connectingWithMockWallet();\n_LoginPage.LoginPage.selectingNetwork();",
              "err": {},
              "uuid": "08178e5b-949e-4935-8320-7f6596120259",
              "parentUUID": "dfd1e707-2e00-4584-baf3-49eb14216998",
              "isHook": false,
              "skipped": false
            }
          ],
          "suites": [],
          "passes": [
            "08178e5b-949e-4935-8320-7f6596120259"
          ],
          "failures": [],
          "pending": [],
          "skipped": [],
          "duration": 2287,
          "root": false,
          "rootEmpty": false,
          "_timeout": 2000
        }
      ],
      "passes": [],
      "failures": [],
      "pending": [],
      "skipped": [],
      "duration": 0,
      "root": true,
      "rootEmpty": true,
      "_timeout": 2000
    }
  ],
  "meta": {
    "mocha": {
      "version": "7.0.1"
    },
    "mochawesome": {
      "options": {
        "quiet": false,
        "reportFilename": "mochawesome",
        "saveHtml": false,
        "saveJson": true,
        "consoleReporter": "spec",
        "useInlineDiffs": false,
        "code": true
      },
      "version": "7.1.3"
    },
    "marge": {
      "options": {
        "reportDir": "cypress/results",
        "html": false,
        "overwrite": false
      },
      "version": "6.2.0"
    }
  }
}