{
  "stats": {
    "suites": 1,
    "tests": 5,
    "passes": 5,
    "pending": 0,
    "failures": 0,
    "start": "2022-12-18T16:03:09.090Z",
    "end": "2022-12-18T16:03:42.488Z",
    "duration": 33398,
    "testsRegistered": 5,
    "passPercent": 100,
    "pendingPercent": 0,
    "other": 0,
    "hasOther": false,
    "skipped": 0,
    "hasSkipped": false
  },
  "results": [
    {
      "uuid": "0c40a5bb-add0-4ac3-9009-3081de7bc2c8",
      "title": "",
      "fullFile": "cypress/e2e/superfluid.cy.js",
      "file": "cypress/e2e/superfluid.cy.js",
      "beforeHooks": [],
      "afterHooks": [],
      "tests": [],
      "suites": [
        {
          "uuid": "014fe170-8f5f-416b-8ddd-d4d79932ef8d",
          "title": "Add your test cases here",
          "fullFile": "",
          "file": "",
          "beforeHooks": [],
          "afterHooks": [],
          "tests": [
            {
              "title": "Connecting with a Mock wallet and switching the network",
              "fullTitle": "Add your test cases here Connecting with a Mock wallet and switching the network",
              "timedOut": null,
              "duration": 3033,
              "state": "passed",
              "speed": "fast",
              "pass": true,
              "fail": false,
              "pending": false,
              "context": null,
              "code": "_BasePage.BasePage.visitWithMockedWallet(\"/\");\n_LoginPage.LoginPage.connectingWithMockWallet();\n_LoginPage.LoginPage.selectingNetwork();",
              "err": {},
              "uuid": "7be9e169-3597-40b7-8b0e-f7933c3f3bac",
              "parentUUID": "014fe170-8f5f-416b-8ddd-d4d79932ef8d",
              "isHook": false,
              "skipped": false
            },
            {
              "title": "Something went wrong in the Dashboard page",
              "fullTitle": "Add your test cases here Something went wrong in the Dashboard page",
              "timedOut": null,
              "duration": 6821,
              "state": "passed",
              "speed": "medium",
              "pass": true,
              "fail": false,
              "pending": false,
              "context": null,
              "code": "_BasePage.BasePage.visitWithMockedWallet(\"/\");\n_LoginPage.LoginPage.connectingWithMockWallet();\n_DashboardPage.DashboardPage.claimingTokensDashboardPage();\n_DashboardPage.DashboardPage.selectingNetworkDashboardPage();\n_DashboardPage.DashboardPage.claimButtonDashboardPage();\n_DashboardPage.DashboardPage.validateError('Something went wrong, please try again');",
              "err": {},
              "uuid": "b0ff7ac3-533f-4238-816b-5764475f4ae0",
              "parentUUID": "014fe170-8f5f-416b-8ddd-d4d79932ef8d",
              "isHook": false,
              "skipped": false
            },
            {
              "title": "Wrap page max button",
              "fullTitle": "Add your test cases here Wrap page max button",
              "timedOut": null,
              "duration": 7639,
              "state": "passed",
              "speed": "medium",
              "pass": true,
              "fail": false,
              "pending": false,
              "context": null,
              "code": "_BasePage.BasePage.visitWithMockedWallet(\"/\");\n_LoginPage.LoginPage.connectingWithMockWallet();\n_LoginPage.LoginPage.selectingNetwork();\n_WrapPage.WrapPage.wrapPage();\n_WrapPage.WrapPage.wrapPageMaxButton();\n_WrapPage.WrapPage.validateError('You are wrapping out of native asset used for gas. You need to leave some gas tokens for the transaction to succeed.');",
              "err": {},
              "uuid": "f32cf94f-ad4c-4e22-84d7-fb2bd6c2e6f6",
              "parentUUID": "014fe170-8f5f-416b-8ddd-d4d79932ef8d",
              "isHook": false,
              "skipped": false
            },
            {
              "title": "Wrap page not enough balance",
              "fullTitle": "Add your test cases here Wrap page not enough balance",
              "timedOut": null,
              "duration": 8111,
              "state": "passed",
              "speed": "medium",
              "pass": true,
              "fail": false,
              "pending": false,
              "context": null,
              "code": "_BasePage.BasePage.visitWithMockedWallet(\"/\");\n_LoginPage.LoginPage.connectingWithMockWallet();\n_LoginPage.LoginPage.selectingNetwork();\n_WrapPage.WrapPage.wrapPage();\n_WrapPage.WrapPage.inputWrapAmount(\"5\");\n_WrapPage.WrapPage.validateError('You do not have enough balance.');",
              "err": {},
              "uuid": "0ac619a0-f162-4fdb-a7c6-6dcf13a8d81c",
              "parentUUID": "014fe170-8f5f-416b-8ddd-d4d79932ef8d",
              "isHook": false,
              "skipped": false
            },
            {
              "title": "Send page error message",
              "fullTitle": "Add your test cases here Send page error message",
              "timedOut": null,
              "duration": 7446,
              "state": "passed",
              "speed": "medium",
              "pass": true,
              "fail": false,
              "pending": false,
              "context": null,
              "code": "_BasePage.BasePage.visitWithMockedWallet(\"/\");\n_LoginPage.LoginPage.connectingWithMockWallet();\n_LoginPage.LoginPage.selectingNetwork();\n_SendPage.WrapPage.selectingStreamPage();\n_SendPage.WrapPage.selectingStreamPageAdress();\n_SendPage.WrapPage.selectingReceiver('0xD92ea85056AB223a279Cd8dEf240cB4F0F7a24aa');\n_SendPage.WrapPage.selectingTokenButton();\n_SendPage.WrapPage.selectingTDLToken();\n_SendPage.WrapPage.selectingFlowRate('123');\n_SendPage.WrapPage.validateError('You can\\'t stream to yourself.');",
              "err": {},
              "uuid": "7d5e5d83-ebed-4c1b-866d-e54c504ab184",
              "parentUUID": "014fe170-8f5f-416b-8ddd-d4d79932ef8d",
              "isHook": false,
              "skipped": false
            }
          ],
          "suites": [],
          "passes": [
            "7be9e169-3597-40b7-8b0e-f7933c3f3bac",
            "b0ff7ac3-533f-4238-816b-5764475f4ae0",
            "f32cf94f-ad4c-4e22-84d7-fb2bd6c2e6f6",
            "0ac619a0-f162-4fdb-a7c6-6dcf13a8d81c",
            "7d5e5d83-ebed-4c1b-866d-e54c504ab184"
          ],
          "failures": [],
          "pending": [],
          "skipped": [],
          "duration": 33050,
          "root": false,
          "rootEmpty": false,
          "_timeout": 2000
        }
      ],
      "passes": [],
      "failures": [],
      "pending": [],
      "skipped": [],
      "duration": 0,
      "root": true,
      "rootEmpty": true,
      "_timeout": 2000
    }
  ],
  "meta": {
    "mocha": {
      "version": "7.0.1"
    },
    "mochawesome": {
      "options": {
        "quiet": false,
        "reportFilename": "mochawesome",
        "saveHtml": false,
        "saveJson": true,
        "consoleReporter": "spec",
        "useInlineDiffs": false,
        "code": true
      },
      "version": "7.1.3"
    },
    "marge": {
      "options": {
        "reportDir": "cypress/results",
        "html": false,
        "overwrite": false
      },
      "version": "6.2.0"
    }
  }
}