{
  "stats": {
    "suites": 1,
    "tests": 1,
    "passes": 1,
    "pending": 0,
    "failures": 0,
    "start": "2022-12-18T18:02:36.721Z",
    "end": "2022-12-18T18:02:48.288Z",
    "duration": 11567,
    "testsRegistered": 1,
    "passPercent": 100,
    "pendingPercent": 0,
    "other": 0,
    "hasOther": false,
    "skipped": 0,
    "hasSkipped": false
  },
  "results": [
    {
      "uuid": "4d5ed68c-19e6-47c4-bbc3-e8580e5f1db3",
      "title": "",
      "fullFile": "cypress/e2e/darshboardpage.cy.js",
      "file": "cypress/e2e/darshboardpage.cy.js",
      "beforeHooks": [],
      "afterHooks": [],
      "tests": [],
      "suites": [
        {
          "uuid": "fa48e0ed-e722-421d-b69b-c8ac89fecb9c",
          "title": "Dashboard page error",
          "fullFile": "",
          "file": "",
          "beforeHooks": [],
          "afterHooks": [],
          "tests": [
            {
              "title": "Something went wrong in the Dashboard page",
              "fullTitle": "Dashboard page error Something went wrong in the Dashboard page",
              "timedOut": null,
              "duration": 11453,
              "state": "passed",
              "speed": "slow",
              "pass": true,
              "fail": false,
              "pending": false,
              "context": null,
              "code": "_BasePage.BasePage.visitWithMockedWallet(\"/\");\n_LoginPage.LoginPage.connectingWithMockWallet();\n_DashboardPage.DashboardPage.claimingTokensDashboardPage();\n_DashboardPage.DashboardPage.selectingNetworkDashboardPage();\n_DashboardPage.DashboardPage.claimButtonDashboardPage();\n_DashboardPage.DashboardPage.validateError('Something went wrong, please try again');",
              "err": {},
              "uuid": "7ff19cd6-436d-43f7-a38d-4ca45b0c6bb3",
              "parentUUID": "fa48e0ed-e722-421d-b69b-c8ac89fecb9c",
              "isHook": false,
              "skipped": false
            }
          ],
          "suites": [],
          "passes": [
            "7ff19cd6-436d-43f7-a38d-4ca45b0c6bb3"
          ],
          "failures": [],
          "pending": [],
          "skipped": [],
          "duration": 11453,
          "root": false,
          "rootEmpty": false,
          "_timeout": 2000
        }
      ],
      "passes": [],
      "failures": [],
      "pending": [],
      "skipped": [],
      "duration": 0,
      "root": true,
      "rootEmpty": true,
      "_timeout": 2000
    }
  ],
  "meta": {
    "mocha": {
      "version": "7.0.1"
    },
    "mochawesome": {
      "options": {
        "quiet": false,
        "reportFilename": "mochawesome",
        "saveHtml": false,
        "saveJson": true,
        "consoleReporter": "spec",
        "useInlineDiffs": false,
        "code": true
      },
      "version": "7.1.3"
    },
    "marge": {
      "options": {
        "reportDir": "cypress/results",
        "html": false,
        "overwrite": false
      },
      "version": "6.2.0"
    }
  }
}